linux; GNU C++ version 4.7.2; Boost_104900; UHD_003.005.003-0-unknown

REQA 

COMMAND: ATQA1K
HEADER: 0X04 0X00 


COMMAND: ANTI1R
HEADER: 0X93 0X20 


COMMAND: ANTI1G
EXTRA: 0XCD 0X76 0X92 0X74 0X5D 


COMMAND: SEL1R
HEADER: 0X93 0X70 
EXTRA: 0XCD 0X76 0X92 0X74 0X5D 
CRC: 0X45 0XDD 


COMMAND: SEL1K
HEADER: 0X08 
CRC: 0XB6 0XDD 


COMMAND: AUTHA
HEADER: 0X60 
EXTRA: 0X3C 
CRC: 0X1A 0X80 


COMMAND: RANDTA
EXTRA: 0X0E 0X61 0X64 0XD6 


COMMAND: RANDRB
EXTRA: 0X15 0X45 0X90 0XA8 0X4F 0X4E 0X67 0X4E 


COMMAND: RANDTB
EXTRA: 0X41 0X3E 0XEB 0XCF 


COMMAND: READR
HEADER: 0X30 
EXTRA: 0X3F 
CRC: 0X76 0X61 


COMMAND: READT
EXTRA: 0X00 0X00 0X00 0X00 0X00 0X00 0XFF 0X07 0X80 0X69 0XFF 0XFF 0XFF 0XFF 0XFF 0XFF 
CRC: 0XD4 0X55 


COMMAND: READR
HEADER: 0X30 
EXTRA: 0X3E 
CRC: 0XFF 0X70 


COMMAND: READT
EXTRA: 0X00 0X00 0X00 0X00 0X00 0X00 0X00 0X00 0X00 0X00 0X00 0X00 0X00 0X00 0X00 0X00 
CRC: 0X37 0X49 


COMMAND: READR
HEADER: 0X30 
EXTRA: 0X3D 
CRC: 0X64 0X42 


COMMAND: READT
EXTRA: 0X00 0X00 0X00 0X00 0X00 0X00 0X00 0X00 0X00 0X00 0X00 0X00 0X00 0X00 0X00 0X00 
CRC: 0X37 0X49 


COMMAND: READR
HEADER: 0X30 
EXTRA: 0X3C 
CRC: 0XED 0X53 


COMMAND: READT
EXTRA: 0X00 0X00 0X00 0X00 0X00 0X00 0X00 0X00 0X00 0X00 0X00 0X00 0X00 0X00 0X00 0X00 
CRC: 0X37 0X49 


COMMAND: AUTHA
HEADER: 0X60 
EXTRA: 0X38 
CRC: 0X3E 0XC6 


COMMAND: RANDTA
EXTRA: 0X70 0XBD 0XED 0X81 


COMMAND: RANDRB
EXTRA: 0X01 0X3A 0X6B 0XBA 0X73 0XD4 0X42 0X2D 


COMMAND: RANDTB
EXTRA: 0XD0 0XA2 0X28 0XDB 


COMMAND: READR
HEADER: 0X30 
EXTRA: 0X3B 
CRC: 0X52 0X27 


COMMAND: READT
EXTRA: 0X00 0X00 0X00 0X00 0X00 0X00 0XFF 0X07 0X80 0X69 0XFF 0XFF 0XFF 0XFF 0XFF 0XFF 
CRC: 0XD4 0X55 


COMMAND: READR
HEADER: 0X30 
EXTRA: 0X3A 
CRC: 0XDB 0X36 


COMMAND: READT
EXTRA: 0X00 0X00 0X00 0X00 0X00 0X00 0X00 0X00 0X00 0X00 0X00 0X00 0X00 0X00 0X00 0X00 
CRC: 0X37 0X49 


COMMAND: READR
HEADER: 0X30 
EXTRA: 0X39 
CRC: 0X40 0X04 


COMMAND: READT
EXTRA: 0X00 0X00 0X00 0X00 0X00 0X00 0X00 0X00 0X00 0X00 0X00 0X00 0X00 0X00 0X00 0X00 
CRC: 0X37 0X49 


COMMAND: READR
HEADER: 0X30 
EXTRA: 0X38 
CRC: 0XC9 0X15 


COMMAND: READT
EXTRA: 0X00 0X00 0X00 0X00 0X00 0X00 0X00 0X00 0X00 0X00 0X00 0X00 0X00 0X00 0X00 0X00 
CRC: 0X37 0X49 


COMMAND: AUTHA
HEADER: 0X60 
EXTRA: 0X34 
CRC: 0X52 0X0C 


COMMAND: RANDTA
EXTRA: 0X23 0X23 0X6E 0XF4 


COMMAND: RANDRB
EXTRA: 0XEE 0X08 0XB0 0X0A 0XF6 0X01 0XBA 0X11 


COMMAND: RANDTB
EXTRA: 0X6E 0X27 0X63 0X93 


COMMAND: READR
HEADER: 0X30 
EXTRA: 0X37 
CRC: 0X3E 0XED 


COMMAND: READT
EXTRA: 0X00 0X00 0X00 0X00 0X00 0X00 0XFF 0X07 0X80 0X69 0XFF 0XFF 0XFF 0XFF 0XFF 0XFF 
CRC: 0XD4 0X55 


COMMAND: READR
HEADER: 0X30 
EXTRA: 0X36 
CRC: 0XB7 0XFC 


COMMAND: READT
EXTRA: 0X00 0X00 0X00 0X00 0X00 0X00 0X00 0X00 0X00 0X00 0X00 0X00 0X00 0X00 0X00 0X00 
CRC: 0X37 0X49 


COMMAND: READR
HEADER: 0X30 
EXTRA: 0X35 
CRC: 0X2C 0XCE 


COMMAND: READT
EXTRA: 0X00 0X00 0X00 0X00 0X00 0X00 0X00 0X00 0X00 0X00 0X00 0X00 0X00 0X00 0X00 0X00 
CRC: 0X37 0X49 


COMMAND: READR
HEADER: 0X30 
EXTRA: 0X34 
CRC: 0XA5 0XDF 


COMMAND: READT
EXTRA: 0X00 0X00 0X00 0X00 0X00 0X00 0X00 0X00 0X00 0X00 0X00 0X00 0X00 0X00 0X00 0X00 
CRC: 0X37 0X49 


COMMAND: AUTHA
HEADER: 0X60 
EXTRA: 0X30 
CRC: 0X76 0X4A 


COMMAND: RANDTA
EXTRA: 0X85 0XBC 0X8B 0X5C 


COMMAND: RANDRB
EXTRA: 0X2F 0X44 0XA3 0X06 0X44 0XE6 0X2F 0X9C 


COMMAND: RANDTB
EXTRA: 0X40 0XAC 0XBA 0X87 


COMMAND: READR
HEADER: 0X30 
EXTRA: 0X33 
CRC: 0X1A 0XAB 


COMMAND: READT
EXTRA: 0X00 0X00 0X00 0X00 0X00 0X00 0XFF 0X07 0X80 0X69 0XFF 0XFF 0XFF 0XFF 0XFF 0XFF 
CRC: 0XD4 0X55 


COMMAND: READR
HEADER: 0X30 
EXTRA: 0X32 
CRC: 0X93 0XBA 


COMMAND: READT
EXTRA: 0X00 0X00 0X00 0X00 0X00 0X00 0X00 0X00 0X00 0X00 0X00 0X00 0X00 0X00 0X00 0X00 
CRC: 0X37 0X49 


COMMAND: READR
HEADER: 0X30 
EXTRA: 0X31 
CRC: 0X08 0X88 


COMMAND: READT
EXTRA: 0X00 0X00 0X00 0X00 0X00 0X00 0X00 0X00 0X00 0X00 0X00 0X00 0X00 0X00 0X00 0X00 
CRC: 0X37 0X49 


COMMAND: READR
HEADER: 0X30 
EXTRA: 0X30 
CRC: 0X81 0X99 


COMMAND: READT
EXTRA: 0X00 0X00 0X00 0X00 0X00 0X00 0X00 0X00 0X00 0X00 0X00 0X00 0X00 0X00 0X00 0X00 
CRC: 0X37 0X49 


COMMAND: AUTHA
HEADER: 0X60 
EXTRA: 0X2C 
CRC: 0X9B 0X90 


COMMAND: RANDTA
EXTRA: 0XDE 0XFF 0X8B 0X54 


COMMAND: RANDRB
EXTRA: 0XC7 0XC9 0XD8 0X8B 0X30 0XE2 0XEB 0X39 


COMMAND: RANDTB
EXTRA: 0X63 0X89 0X5C 0XDE 


COMMAND: READR
HEADER: 0X30 
EXTRA: 0X2F 
CRC: 0XF7 0X71 


COMMAND: READT
EXTRA: 0X00 0X00 0X00 0X00 0X00 0X00 0XFF 0X07 0X80 0X69 0XFF 0XFF 0XFF 0XFF 0XFF 0XFF 
CRC: 0XD4 0X55 


COMMAND: READR
HEADER: 0X30 
EXTRA: 0X2E 
CRC: 0X7E 0X60 


COMMAND: READT
EXTRA: 0X00 0X00 0X00 0X00 0X00 0X00 0X00 0X00 0X00 0X00 0X00 0X00 0X00 0X00 0X00 0X00 
CRC: 0X37 0X49 


COMMAND: READR
HEADER: 0X30 
EXTRA: 0X2D 
CRC: 0XE5 0X52 


COMMAND: READT
EXTRA: 0X00 0X00 0X00 0X00 0X00 0X00 0X00 0X00 0X00 0X00 0X00 0X00 0X00 0X00 0X00 0X00 
CRC: 0X37 0X49 


COMMAND: READR
HEADER: 0X30 
EXTRA: 0X2C 
CRC: 0X6C 0X43 


COMMAND: READT
EXTRA: 0X00 0X00 0X00 0X00 0X00 0X00 0X00 0X00 0X00 0X00 0X00 0X00 0X00 0X00 0X00 0X00 
CRC: 0X37 0X49 


COMMAND: AUTHA
HEADER: 0X60 
EXTRA: 0X28 
CRC: 0XBF 0XD6 


COMMAND: RANDTA
EXTRA: 0XE5 0X8C 0XE1 0XED 


COMMAND: RANDRB
EXTRA: 0XCE 0X0C 0XD2 0X7C 0XBC 0X41 0XE9 0X73 


COMMAND: RANDTB
EXTRA: 0XF1 0X8A 0X44 0X1D 


COMMAND: READR
HEADER: 0X30 
EXTRA: 0X2B 
CRC: 0XD3 0X37 


COMMAND: READT
EXTRA: 0X00 0X00 0X00 0X00 0X00 0X00 0XFF 0X07 0X80 0X69 0XFF 0XFF 0XFF 0XFF 0XFF 0XFF 
CRC: 0XD4 0X55 


COMMAND: READR
HEADER: 0X30 
EXTRA: 0X2A 
CRC: 0X5A 0X26 


COMMAND: READT
EXTRA: 0X00 0X00 0X00 0X00 0X00 0X00 0X00 0X00 0X00 0X00 0X00 0X00 0X00 0X00 0X00 0X00 
CRC: 0X37 0X49 


COMMAND: READR
HEADER: 0X30 
EXTRA: 0X29 
CRC: 0XC1 0X14 


COMMAND: READT
EXTRA: 0X00 0X00 0X00 0X00 0X00 0X00 0X00 0X00 0X00 0X00 0X00 0X00 0X00 0X00 0X00 0X00 
CRC: 0X37 0X49 


COMMAND: READR
HEADER: 0X30 
EXTRA: 0X28 
CRC: 0X48 0X05 


COMMAND: READT
EXTRA: 0X00 0X00 0X00 0X00 0X00 0X00 0X00 0X00 0X00 0X00 0X00 0X00 0X00 0X00 0X00 0X00 
CRC: 0X37 0X49 


COMMAND: AUTHA
HEADER: 0X60 
EXTRA: 0X24 
CRC: 0XD3 0X1C 


COMMAND: RANDTA
EXTRA: 0X3C 0XFE 0X12 0X17 


COMMAND: RANDRB
EXTRA: 0X9B 0XF6 0XC8 0X66 0X44 0X3E 0XEF 0X6F 


COMMAND: RANDTB
EXTRA: 0X96 0X8A 0X35 0XF5 


COMMAND: READR
HEADER: 0X30 
EXTRA: 0X27 
CRC: 0XBF 0XFD 


COMMAND: READT
EXTRA: 0X00 0X00 0X00 0X00 0X00 0X00 0XFF 0X07 0X80 0X69 0XFF 0XFF 0XFF 0XFF 0XFF 0XFF 
CRC: 0XD4 0X55 


COMMAND: READR
HEADER: 0X30 
EXTRA: 0X26 
CRC: 0X36 0XEC 


COMMAND: READT
EXTRA: 0X00 0X00 0X00 0X00 0X00 0X00 0X00 0X00 0X00 0X00 0X00 0X00 0X00 0X00 0X00 0X00 
CRC: 0X37 0X49 


COMMAND: READR
HEADER: 0X30 
EXTRA: 0X25 
CRC: 0XAD 0XDE 


COMMAND: READT
EXTRA: 0X00 0X00 0X00 0X00 0X00 0X00 0X00 0X00 0X00 0X00 0X00 0X00 0X00 0X00 0X00 0X00 
CRC: 0X37 0X49 


COMMAND: READR
HEADER: 0X30 
EXTRA: 0X24 
CRC: 0X24 0XCF 


COMMAND: READT
EXTRA: 0X00 0X00 0X00 0X00 0X00 0X00 0X00 0X00 0X00 0X00 0X00 0X00 0X00 0X00 0X00 0X00 
CRC: 0X37 0X49 


COMMAND: AUTHA
HEADER: 0X60 
EXTRA: 0X20 
CRC: 0XF7 0X5A 


COMMAND: RANDTA
EXTRA: 0X29 0X3A 0X85 0X00 


COMMAND: RANDRB
EXTRA: 0X73 0XB3 0XBB 0X75 0X76 0XBF 0XBE 0X32 


COMMAND: RANDTB
EXTRA: 0XD3 0X01 0X93 0X39 


COMMAND: READR
HEADER: 0X30 
EXTRA: 0X23 
CRC: 0X9B 0XBB 


COMMAND: READT
EXTRA: 0X00 0X00 0X00 0X00 0X00 0X00 0XFF 0X07 0X80 0X69 0XFF 0XFF 0XFF 0XFF 0XFF 0XFF 
CRC: 0XD4 0X55 


COMMAND: READR
HEADER: 0X30 
EXTRA: 0X22 
CRC: 0X12 0XAA 


COMMAND: READT
EXTRA: 0X00 0X00 0X00 0X00 0X00 0X00 0X00 0X00 0X00 0X00 0X00 0X00 0X00 0X00 0X00 0X00 
CRC: 0X37 0X49 


COMMAND: READR
HEADER: 0X30 
EXTRA: 0X21 
CRC: 0X89 0X98 


COMMAND: READT
EXTRA: 0X00 0X00 0X00 0X00 0X00 0X00 0X00 0X00 0X00 0X00 0X00 0X00 0X00 0X00 0X00 0X00 
CRC: 0X37 0X49 


COMMAND: READR
HEADER: 0X30 
EXTRA: 0X20 
CRC: 0X00 0X89 


COMMAND: READT
EXTRA: 0X00 0X00 0X00 0X00 0X00 0X00 0X00 0X00 0X00 0X00 0X00 0X00 0X00 0X00 0X00 0X00 
CRC: 0X37 0X49 


COMMAND: AUTHA
HEADER: 0X60 
EXTRA: 0X1C 
CRC: 0X18 0XA1 


COMMAND: RANDTA
EXTRA: 0XB6 0X0C 0XD9 0X1A 


COMMAND: RANDRB
EXTRA: 0X96 0X66 0X8E 0X10 0XF9 0X7F 0X07 0X74 


COMMAND: RANDTB
EXTRA: 0X26 0X14 0X0A 0X83 


COMMAND: READR
HEADER: 0X30 
EXTRA: 0X1F 
CRC: 0X74 0X40 


COMMAND: READT
EXTRA: 0X00 0X00 0X00 0X00 0X00 0X00 0XFF 0X07 0X80 0X69 0XFF 0XFF 0XFF 0XFF 0XFF 0XFF 
CRC: 0XD4 0X55 


COMMAND: READR
HEADER: 0X30 
EXTRA: 0X1E 
CRC: 0XFD 0X51 


COMMAND: READT
EXTRA: 0X00 0X00 0X00 0X00 0X00 0X00 0X00 0X00 0X00 0X00 0X00 0X00 0X00 0X00 0X00 0X00 
CRC: 0X37 0X49 


COMMAND: READR
HEADER: 0X30 
EXTRA: 0X1D 
CRC: 0X66 0X63 


COMMAND: READT
EXTRA: 0X00 0X00 0X00 0X00 0X00 0X00 0X00 0X00 0X00 0X00 0X00 0X00 0X00 0X00 0X00 0X00 
CRC: 0X37 0X49 


COMMAND: READR
HEADER: 0X30 
EXTRA: 0X1C 
CRC: 0XEF 0X72 


COMMAND: READT
EXTRA: 0X00 0X00 0X00 0X00 0X00 0X00 0X00 0X00 0X00 0X00 0X00 0X00 0X00 0X00 0X00 0X00 
CRC: 0X37 0X49 


COMMAND: AUTHA
HEADER: 0X60 
EXTRA: 0X18 
CRC: 0X3C 0XE7 


COMMAND: RANDTA
EXTRA: 0XDB 0XAA 0X94 0X39 


COMMAND: RANDRB
EXTRA: 0X72 0X10 0XA5 0XFB 0X8B 0X7E 0X0C 0X8D 


COMMAND: RANDTB
EXTRA: 0X86 0XCB 0X4B 0X1E 


COMMAND: READR
HEADER: 0X30 
EXTRA: 0X1B 
CRC: 0X50 0X06 


COMMAND: READT
EXTRA: 0X00 0X00 0X00 0X00 0X00 0X00 0XFF 0X07 0X80 0X69 0XFF 0XFF 0XFF 0XFF 0XFF 0XFF 
CRC: 0XD4 0X55 


COMMAND: READR
HEADER: 0X30 
EXTRA: 0X1A 
CRC: 0XD9 0X17 


COMMAND: READT
EXTRA: 0X00 0X00 0X00 0X00 0X00 0X00 0X00 0X00 0X00 0X00 0X00 0X00 0X00 0X00 0X00 0X00 
CRC: 0X37 0X49 


COMMAND: READR
HEADER: 0X30 
EXTRA: 0X19 
CRC: 0X42 0X25 


COMMAND: READT
EXTRA: 0X00 0X00 0X00 0X00 0X00 0X00 0X00 0X00 0X00 0X00 0X00 0X00 0X00 0X00 0X00 0X00 
CRC: 0X37 0X49 


COMMAND: READR
HEADER: 0X30 
EXTRA: 0X18 
CRC: 0XCB 0X34 


COMMAND: READT
EXTRA: 0X00 0X00 0X00 0X00 0X00 0X00 0X00 0X00 0X00 0X00 0X00 0X00 0X00 0X00 0X00 0X00 
CRC: 0X37 0X49 


COMMAND: AUTHA
HEADER: 0X60 
EXTRA: 0X14 
CRC: 0X50 0X2D 


COMMAND: RANDTA
EXTRA: 0X62 0X1B 0X24 0X02 


COMMAND: RANDRB
EXTRA: 0X52 0X3A 0XA8 0X5B 0X51 0X6A 0XDD 0X76 


COMMAND: RANDTB
EXTRA: 0X07 0X7E 0XB6 0X9D 


COMMAND: READR
HEADER: 0X30 
EXTRA: 0X17 
CRC: 0X3C 0XCC 


COMMAND: READT
EXTRA: 0X00 0X00 0X00 0X00 0X00 0X00 0XFF 0X07 0X80 0X69 0XFF 0XFF 0XFF 0XFF 0XFF 0XFF 
CRC: 0XD4 0X55 


COMMAND: READR
HEADER: 0X30 
EXTRA: 0X16 
CRC: 0XB5 0XDD 


COMMAND: READT
EXTRA: 0X00 0X00 0X00 0X00 0X00 0X00 0X00 0X00 0X00 0X00 0X00 0X00 0X00 0X00 0X00 0X00 
CRC: 0X37 0X49 


COMMAND: READR
HEADER: 0X30 
EXTRA: 0X15 
CRC: 0X2E 0XEF 


COMMAND: READT
EXTRA: 0X00 0X00 0X00 0X00 0X00 0X00 0X00 0X00 0X00 0X00 0X00 0X00 0X00 0X00 0X00 0X00 
CRC: 0X37 0X49 


COMMAND: READR
HEADER: 0X30 
EXTRA: 0X14 
CRC: 0XA7 0XFE 


COMMAND: READT
EXTRA: 0X00 0X00 0X00 0X00 0X00 0X00 0X00 0X00 0X00 0X00 0X00 0X00 0X00 0X00 0X00 0X00 
CRC: 0X37 0X49 


COMMAND: AUTHA
HEADER: 0X60 
EXTRA: 0X10 
CRC: 0X74 0X6B 


COMMAND: RANDTA
EXTRA: 0X08 0X78 0XEE 0XB1 


COMMAND: RANDRB
EXTRA: 0XE0 0X8E 0X57 0XCB 0X96 0XF6 0X55 0X9A 


COMMAND: RANDTB
EXTRA: 0X58 0X6B 0XBF 0XA7 


COMMAND: READR
HEADER: 0X30 
EXTRA: 0X13 
CRC: 0X18 0X8A 


COMMAND: READT
EXTRA: 0X00 0X00 0X00 0X00 0X00 0X00 0XFF 0X07 0X80 0X69 0XFF 0XFF 0XFF 0XFF 0XFF 0XFF 
CRC: 0XD4 0X55 


COMMAND: READR
HEADER: 0X30 
EXTRA: 0X12 
CRC: 0X91 0X9B 


COMMAND: READT
EXTRA: 0X00 0X00 0X00 0X00 0X00 0X00 0X00 0X00 0X00 0X00 0X00 0X00 0X00 0X00 0X00 0X00 
CRC: 0X37 0X49 


COMMAND: READR
HEADER: 0X30 
EXTRA: 0X11 
CRC: 0X0A 0XA9 


COMMAND: READT
EXTRA: 0X00 0X00 0X00 0X00 0X00 0X00 0X00 0X00 0X00 0X00 0X00 0X00 0X00 0X00 0X00 0X00 
CRC: 0X37 0X49 


COMMAND: READR
HEADER: 0X30 
EXTRA: 0X10 
CRC: 0X83 0XB8 


COMMAND: READT
EXTRA: 0X00 0X00 0X00 0X00 0X00 0X00 0X00 0X00 0X00 0X00 0X00 0X00 0X00 0X00 0X00 0X00 
CRC: 0X37 0X49 


COMMAND: AUTHA
HEADER: 0X60 
EXTRA: 0X0C 
CRC: 0X99 0XB1 


COMMAND: RANDTA
EXTRA: 0XB9 0X42 0X44 0X52 


COMMAND: RANDRB
EXTRA: 0X78 0X81 0XCB 0X50 0X25 0XE1 0X41 0XAA 


COMMAND: RANDTB
EXTRA: 0XCB 0X68 0XA6 0X0C 


COMMAND: READR
HEADER: 0X30 
EXTRA: 0X0F 
CRC: 0XF5 0X50 


COMMAND: READT
EXTRA: 0X00 0X00 0X00 0X00 0X00 0X00 0XFF 0X07 0X80 0X69 0XFF 0XFF 0XFF 0XFF 0XFF 0XFF 
CRC: 0XD4 0X55 


COMMAND: READR
HEADER: 0X30 
EXTRA: 0X0E 
CRC: 0X7C 0X41 


COMMAND: READT
EXTRA: 0X00 0X00 0X00 0X00 0X00 0X00 0X00 0X00 0X00 0X00 0X00 0X00 0X00 0X00 0X00 0X00 
CRC: 0X37 0X49 


COMMAND: READR
HEADER: 0X30 
EXTRA: 0X0D 
CRC: 0XE7 0X73 


COMMAND: READT
EXTRA: 0X00 0X00 0X00 0X00 0X00 0X00 0X00 0X00 0X00 0X00 0X00 0X00 0X00 0X00 0X00 0X00 
CRC: 0X37 0X49 


COMMAND: READR
HEADER: 0X30 
EXTRA: 0X0C 
CRC: 0X6E 0X62 


COMMAND: READT
EXTRA: 0X00 0X00 0X00 0X00 0X00 0X00 0X00 0X00 0X00 0X00 0X00 0X00 0X00 0X00 0X00 0X00 
CRC: 0X37 0X49 


COMMAND: AUTHA
HEADER: 0X60 
EXTRA: 0X08 
CRC: 0XBD 0XF7 


COMMAND: RANDTA
EXTRA: 0XF7 0XA6 0XEB 0XD2 


COMMAND: RANDRB
EXTRA: 0X4D 0X95 0XCA 0X3A 0X8E 0XBF 0X60 0X82 


COMMAND: RANDTB
EXTRA: 0XA7 0XAE 0XAF 0XCD 


COMMAND: READR
HEADER: 0X30 
EXTRA: 0X0B 
CRC: 0XD1 0X16 


COMMAND: READT
EXTRA: 0X00 0X00 0X00 0X00 0X00 0X00 0XFF 0X07 0X80 0X69 0XFF 0XFF 0XFF 0XFF 0XFF 0XFF 
CRC: 0XD4 0X55 


COMMAND: READR
HEADER: 0X30 
EXTRA: 0X0A 
CRC: 0X58 0X07 


COMMAND: READT
EXTRA: 0X00 0X00 0X00 0X00 0X00 0X00 0X00 0X00 0X00 0X00 0X00 0X00 0X00 0X00 0X00 0X00 
CRC: 0X37 0X49 


COMMAND: READR
HEADER: 0X30 
EXTRA: 0X09 
CRC: 0XC3 0X35 


COMMAND: READT
EXTRA: 0X00 0X00 0X00 0X00 0X00 0X00 0X00 0X00 0X00 0X00 0X00 0X00 0X00 0X00 0X00 0X00 
CRC: 0X37 0X49 


COMMAND: READR
HEADER: 0X30 
EXTRA: 0X08 
CRC: 0X4A 0X24 


COMMAND: READT
EXTRA: 0X00 0X00 0X00 0X00 0X00 0X00 0X00 0X00 0X00 0X00 0X00 0X00 0X00 0X00 0X00 0X00 
CRC: 0X37 0X49 


COMMAND: AUTHA
HEADER: 0X60 
EXTRA: 0X04 
CRC: 0XD1 0X3D 


COMMAND: RANDTA
EXTRA: 0XBF 0XC7 0X1D 0X47 


COMMAND: RANDRB
EXTRA: 0XAE 0X8D 0X9C 0X9C 0X87 0X8E 0X82 0X68 


COMMAND: RANDTB
EXTRA: 0XF6 0X8C 0X32 0XEA 


COMMAND: READR
HEADER: 0X30 
EXTRA: 0X07 
CRC: 0XBD 0XDC 


COMMAND: READT
EXTRA: 0X00 0X00 0X00 0X00 0X00 0X00 0XFF 0X07 0X80 0X69 0XFF 0XFF 0XFF 0XFF 0XFF 0XFF 
CRC: 0XD4 0X55 


COMMAND: READR
HEADER: 0X30 
EXTRA: 0X06 
CRC: 0X34 0XCD 


COMMAND: READT
EXTRA: 0X00 0X00 0X00 0X00 0X00 0X00 0X00 0X00 0X00 0X00 0X00 0X00 0X00 0X00 0X00 0X00 
CRC: 0X37 0X49 


COMMAND: READR
HEADER: 0X30 
EXTRA: 0X05 
CRC: 0XAF 0XFF 


COMMAND: READT
EXTRA: 0X00 0X00 0X00 0X00 0X00 0X00 0X00 0X00 0X00 0X00 0X00 0X00 0X00 0X00 0X00 0X00 
CRC: 0X37 0X49 


COMMAND: READR
HEADER: 0X30 
EXTRA: 0X04 
CRC: 0X26 0XEE 


COMMAND: READT
EXTRA: 0X00 0X00 0X00 0X00 0X00 0X00 0X00 0X00 0X00 0X00 0X00 0X00 0X00 0X00 0X00 0X00 
CRC: 0X37 0X49 


COMMAND: AUTHA
HEADER: 0X60 
EXTRA: 0X00 
CRC: 0XF5 0X7B 


COMMAND: RANDTA
EXTRA: 0X97 0XAC 0XA2 0XCF 


COMMAND: RANDRB
EXTRA: 0XD6 0X8D 0X04 0X06 0XA6 0XB3 0XA6 0XFC 


COMMAND: RANDTB
EXTRA: 0XFE 0X6B 0X21 0X17 


COMMAND: READR
HEADER: 0X30 
EXTRA: 0X03 
CRC: 0X99 0X9A 


COMMAND: READT
EXTRA: 0X00 0X00 0X00 0X00 0X00 0X00 0XFF 0X07 0X80 0X69 0XFF 0XFF 0XFF 0XFF 0XFF 0XFF 
CRC: 0XD4 0X55 


COMMAND: READR
HEADER: 0X30 
EXTRA: 0X02 
CRC: 0X10 0X8B 


COMMAND: READT
EXTRA: 0X00 0X00 0X00 0X00 0X00 0X00 0X00 0X00 0X00 0X00 0X00 0X00 0X00 0X00 0X00 0X00 
CRC: 0X37 0X49 


COMMAND: READR
HEADER: 0X30 
EXTRA: 0X01 
CRC: 0X8B 0XB9 


COMMAND: READT
EXTRA: 0X00 0X00 0X00 0X00 0X00 0X00 0X00 0X00 0X00 0X00 0X00 0X00 0X00 0X00 0X00 0X00 
CRC: 0X37 0X49 


COMMAND: READR
HEADER: 0X30 
EXTRA: 0X00 
CRC: 0X02 0XA8 


COMMAND: READT
EXTRA: 0XCD 0X76 0X92 0X74 0X5D 0X88 0X04 0X00 0X85 0X00 0X00 0X00 0X04 0X13 0X45 0X01 
CRC: 0X2F 0XCD 


COMMAND: HALT
HEADER: 0X50 0X00 
CRC: 0X57 0XCD 


HALT 

COMMAND: REQA
HEADER: 0X26 


REQA 

PROCESSING FINISHED
