linux; GNU C++ version 4.7.2; Boost_104900; UHD_003.005.003-0-unknown

Using Volk machine: avx_64_mmx_orc
COMMAND: REQA
HEADER: 0x26 


COMMAND: ATQA1K
HEADER: 0x04 0x00 


COMMAND: ANTI1R
HEADER: 0x93 0x20 


COMMAND: ANTI1G
EXTRA: 0xCD 0x76 0x92 0x74 0x5D 


COMMAND: SEL1R
HEADER: 0x93 0x70 
EXTRA: 0xCD 0x76 0x92 0x74 0x5D 
CRC: 0x45 0xDD 


COMMAND: SEL1K
HEADER: 0x08 
CRC: 0xB6 0xDD 


COMMAND: AUTHA
HEADER: 0x60 
EXTRA: 0x3C 
CRC: 0x1A 0x80 


COMMAND: RANDTA
EXTRA: 0x0E 0x61 0x64 0xD6 


0x78 0x5A 0x41 0x80! 0x50! 0x04! 0x8F 0x22! 
AR OK
COMMAND: RANDRB
EXTRA: 0x15 0x45 0x90 0xA8 0x4F 0x4E 0x67 0x4E 


0xCE! 0xCA! 0x0D! 0x83 
AT OK
COMMAND: RANDTB
EXTRA: 0x41 0x3E 0xEB 0xCF 


0x69! 0xAC! 0x4F! 0x02 
COMMAND: READR
HEADER: 0x30 
EXTRA: 0x3F 
CRC: 0x76 0x61 


0xBC 0x2F 0xBD! 0xB1! 0x75! 0x44! 0x3C 0xD7! 0xD2 0x28 0x3B! 0xA5! 0x08 0x04 0x88! 0x18! 0x89 0x42! 
COMMAND: READT
EXTRA: 0x00 0x00 0x00 0x00 0x00 0x00 0xFF 0x07 0x80 0x69 0xFF 0xFF 0xFF 0xFF 0xFF 0xFF 
CRC: 0xD4 0x55 


0x71! 0xF7 0x9F! 0x31 
COMMAND: READR
HEADER: 0x30 
EXTRA: 0x3E 
CRC: 0xFF 0x70 


0xE2! 0x99! 0x8D 0xE0 0x3F 0x96! 0xEF 0xC5 0xD0 0xD3! 0x24! 0x87! 0xF7 0x15! 0x06! 0x55! 0xA0! 0x97! 
COMMAND: READT
EXTRA: 0x00 0x00 0x00 0x00 0x00 0x00 0x00 0x00 0x00 0x00 0x00 0x00 0x00 0x00 0x00 0x00 
CRC: 0x37 0x49 


0xC1! 0x43 0x22! 0x92! 
COMMAND: READR
HEADER: 0x30 
EXTRA: 0x3D 
CRC: 0x64 0x42 


0xD2 0x00! 0x9D 0x87! 0xD9 0x0D 0x25 0x73 0x51 0x27 0x44 0xCC! 0x55 0x44! 0x85 0x9D 0x44 0xF6 
COMMAND: READT
EXTRA: 0x00 0x00 0x00 0x00 0x00 0x00 0x00 0x00 0x00 0x00 0x00 0x00 0x00 0x00 0x00 0x00 
CRC: 0x37 0x49 


0x27 0x02 0x5C 0x41! 
COMMAND: READR
HEADER: 0x30 
EXTRA: 0x3C 
CRC: 0xED 0x53 


0x8B! 0xD1! 0xE3 0x87! 0x63! 0x75! 0x44 0x34 0x3B 0xAF! 0x27 0x0A! 0xAD! 0x84 0x1C 0xDB! 0xD8 0x4A 
COMMAND: READT
EXTRA: 0x00 0x00 0x00 0x00 0x00 0x00 0x00 0x00 0x00 0x00 0x00 0x00 0x00 0x00 0x00 0x00 
CRC: 0x37 0x49 


0xC6 0xDC 0xBA! 0x11! 
COMMAND: AUTHA
HEADER: 0x60 
EXTRA: 0x38 
CRC: 0x3E 0xC6 


0x70! 0xBD 0xED! 0x81 
COMMAND: RANDTA
EXTRA: 0x8F 0x82 0x69 0x9E 


0xFC! 0x1A 0x1A! 0x1D! 0x7D! 0x90 0x7E! 0x24! 
AR OK
COMMAND: RANDRB
EXTRA: 0x01 0x3A 0x6B 0xBA 0x73 0xD4 0x42 0x2D 


0x87 0x4D 0xFF! 0x8A 
AT OK
COMMAND: RANDTB
EXTRA: 0xD0 0xA2 0x28 0xDB 


0x31 0x56 0xA1! 0x84 
COMMAND: READR
HEADER: 0x30 
EXTRA: 0x3B 
CRC: 0x52 0x27 


0x64 0x85! 0x16 0x6D 0xCF! 0xF7 0x3C! 0x62 0xD2 0xB4 0x3B! 0x5F! 0xA8! 0x71 0xD1 0x6B! 0x6C! 0x42 
COMMAND: READT
EXTRA: 0x00 0x00 0x00 0x00 0x00 0x00 0xFF 0x07 0x80 0x69 0xFF 0xFF 0xFF 0xFF 0xFF 0xFF 
CRC: 0xD4 0x55 


0x02! 0x44! 0xD4! 0x47! 
COMMAND: READR
HEADER: 0x30 
EXTRA: 0x3A 
CRC: 0xDB 0x36 


0x41 0xBC! 0x42! 0xD9 0x39 0x4C! 0x9A 0x80! 0x4E 0x76 0xB1! 0xA1! 0xA4 0xD1 0x82! 0x61 0x28 0xBC! 
COMMAND: READT
EXTRA: 0x00 0x00 0x00 0x00 0x00 0x00 0x00 0x00 0x00 0x00 0x00 0x00 0x00 0x00 0x00 0x00 
CRC: 0x37 0x49 


0xA5 0x63 0x90! 0x32! 
COMMAND: READR
HEADER: 0x30 
EXTRA: 0x39 
CRC: 0x40 0x04 


0xBD! 0xC3 0xA6! 0x15 0x8B 0x2A! 0x6A! 0x03 0x72! 0xEF! 0x02! 0x38 0x05! 0xC5! 0x3F 0x4E! 0x94! 0x08 
COMMAND: READT
EXTRA: 0x00 0x00 0x00 0x00 0x00 0x00 0x00 0x00 0x00 0x00 0x00 0x00 0x00 0x00 0x00 0x00 
CRC: 0x37 0x49 


0xE2 0x1C! 0x8A 0x16! 
COMMAND: READR
HEADER: 0x30 
EXTRA: 0x38 
CRC: 0xC9 0x15 


0x51 0x1B 0xA6! 0x49 0x29! 0xF2 0x75 0x35! 0x1B! 0xE1 0x72 0x68 0x7F 0x3F 0x2A 0xE9! 0x73 0x0F 
COMMAND: READT
EXTRA: 0x00 0x00 0x00 0x00 0x00 0x00 0x00 0x00 0x00 0x00 0x00 0x00 0x00 0x00 0x00 0x00 
CRC: 0x37 0x49 


0x7F! 0xB8! 0x88 0x7B! 
COMMAND: AUTHA
HEADER: 0x60 
EXTRA: 0x34 
CRC: 0x52 0x0C 


0x23! 0x23! 0x6E 0xF4! 
COMMAND: RANDTA
EXTRA: 0xDC 0xFC 0x96 0x2B 


0x1A 0xB9! 0xEF! 0x7B! 0xC5 0xC3 0x51 0x57! 
AR OK
COMMAND: RANDRB
EXTRA: 0xEE 0x08 0xB0 0x0A 0xF6 0x01 0xBA 0x11 


0x3E 0x19 0x48! 0xF4! 
AT OK
COMMAND: RANDTB
EXTRA: 0x6E 0x27 0x63 0x93 


0xD6! 0x59! 0xB4! 0x73! 
COMMAND: READR
HEADER: 0x30 
EXTRA: 0x37 
CRC: 0x3E 0xED 


0x32! 0x84 0xE6 0xB1! 0x45! 0x56! 0x5C! 0x1A! 0xED! 0xD3! 0xED! 0x76 0x32! 0x5F 0x5D! 0x4D 0x96! 0xFC! 
COMMAND: READT
EXTRA: 0x00 0x00 0x00 0x00 0x00 0x00 0xFF 0x07 0x80 0x69 0xFF 0xFF 0xFF 0xFF 0xFF 0xFF 
CRC: 0xD4 0x55 


0xBB! 0x4D! 0xF8 0x55 
COMMAND: READR
HEADER: 0x30 
EXTRA: 0x36 
CRC: 0xB7 0xFC 


0x7E 0x9E! 0x34! 0x38! 0xDC! 0xE2! 0xF9 0x98! 0xA0 0x88 0x78! 0xA9! 0xCD! 0xEE! 0x17 0xD8 0xFF! 0xFD! 
COMMAND: READT
EXTRA: 0x00 0x00 0x00 0x00 0x00 0x00 0x00 0x00 0x00 0x00 0x00 0x00 0x00 0x00 0x00 0x00 
CRC: 0x37 0x49 


0x85! 0x6D 0xD5! 0x39! 
COMMAND: READR
HEADER: 0x30 
EXTRA: 0x35 
CRC: 0x2C 0xCE 


0x16 0x8F 0x5B! 0xC6! 0x1D! 0x7D 0xB0 0x07! 0xC0 0x8C 0x25! 0x12! 0x0B! 0xC6 0xA6 0x32! 0x51 0x95! 
COMMAND: READT
EXTRA: 0x00 0x00 0x00 0x00 0x00 0x00 0x00 0x00 0x00 0x00 0x00 0x00 0x00 0x00 0x00 0x00 
CRC: 0x37 0x49 


0x34 0x41! 0x79! 0x27 
COMMAND: READR
HEADER: 0x30 
EXTRA: 0x34 
CRC: 0xA5 0xDF 


0xD5 0x5D! 0x14! 0x55! 0x77! 0x91 0x1F! 0x60! 0xCB 0x83! 0x58! 0xE0 0x21 0x58! 0x9E 0xAB! 0x61! 0x5E 
COMMAND: READT
EXTRA: 0x00 0x00 0x00 0x00 0x00 0x00 0x00 0x00 0x00 0x00 0x00 0x00 0x00 0x00 0x00 0x00 
CRC: 0x37 0x49 


0x08! 0x36! 0xD7! 0xC8 
COMMAND: AUTHA
HEADER: 0x60 
EXTRA: 0x30 
CRC: 0x76 0x4A 


0x85! 0xBC 0x8B 0x5C 
COMMAND: RANDTA
EXTRA: 0x7A 0x03 0xD0 0x83 


0xE8 0x27! 0x1C 0x87! 0xA5 0x02! 0xA6 0xA3 
AR OK
COMMAND: RANDRB
EXTRA: 0x2F 0x44 0xA3 0x06 0x44 0xE6 0x2F 0x9C 


0xBA 0x1E 0xC6 0x0C! 
AT OK
COMMAND: RANDTB
EXTRA: 0x40 0xAC 0xBA 0x87 


0x6F 0x09! 0xE1 0x04! 
COMMAND: READR
HEADER: 0x30 
EXTRA: 0x33 
CRC: 0x1A 0xAB 


0x1D 0x8A 0x8D! 0x17! 0x9F! 0xB5 0x28! 0xEC 0xB4! 0x4F! 0xCB 0x70! 0x4F 0xCC 0xBD! 0x1C 0x53! 0x4A! 
COMMAND: READT
EXTRA: 0x00 0x00 0x00 0x00 0x00 0x00 0xFF 0x07 0x80 0x69 0xFF 0xFF 0xFF 0xFF 0xFF 0xFF 
CRC: 0xD4 0x55 


0xC8 0x93 0x6C! 0xE7! 
COMMAND: READR
HEADER: 0x30 
EXTRA: 0x32 
CRC: 0x93 0xBA 


0xE2 0xDC! 0x0E! 0x34! 0x5A 0x16! 0x38 0x01 0x61! 0x56! 0x29! 0x6E! 0x0A! 0x23 0x09! 0x8F 0x26 0x31! 
COMMAND: READT
EXTRA: 0x00 0x00 0x00 0x00 0x00 0x00 0x00 0x00 0x00 0x00 0x00 0x00 0x00 0x00 0x00 0x00 
CRC: 0x37 0x49 


0x45! 0x0F! 0xF0 0xAB! 
COMMAND: READR
HEADER: 0x30 
EXTRA: 0x31 
CRC: 0x08 0x88 


0xE6 0x2F! 0x02! 0xD2 0xB8 0xA2! 0x52! 0x8A 0x83! 0x40! 0xC4 0x11 0x6C! 0xCB! 0x7C 0xFD 0xF2! 0xFC! 
COMMAND: READT
EXTRA: 0x00 0x00 0x00 0x00 0x00 0x00 0x00 0x00 0x00 0x00 0x00 0x00 0x00 0x00 0x00 0x00 
CRC: 0x37 0x49 


0x90! 0x9F 0xBD! 0xF0 
COMMAND: READR
HEADER: 0x30 
EXTRA: 0x30 
CRC: 0x81 0x99 


0x1C! 0xD6! 0xE0! 0xD4! 0xF7! 0x26! 0x30! 0x21! 0xFF! 0xD3 0x61 0xFB 0xE1! 0x31! 0xA0 0xA0 0xFF 0xBC! 
COMMAND: READT
EXTRA: 0x00 0x00 0x00 0x00 0x00 0x00 0x00 0x00 0x00 0x00 0x00 0x00 0x00 0x00 0x00 0x00 
CRC: 0x37 0x49 


0x83! 0x52 0xE9 0xAA 
COMMAND: AUTHA
HEADER: 0x60 
EXTRA: 0x2C 
CRC: 0x9B 0x90 


0xDE! 0xFF! 0x8B! 0x54! 
COMMAND: RANDTA
EXTRA: 0x21 0x78 0xEC 0x8A 


0x2C 0x07! 0xB6 0xF4! 0xC4! 0xBC 0x92 0x88 
AR OK
COMMAND: RANDRB
EXTRA: 0xC7 0xC9 0xD8 0x8B 0x30 0xE2 0xEB 0x39 


0x77 0x21 0x79! 0x8A! 
AT OK
COMMAND: RANDTB
EXTRA: 0x63 0x89 0x5C 0xDE 


0x18 0x45! 0x26! 0xFC! 
COMMAND: READR
HEADER: 0x30 
EXTRA: 0x2F 
CRC: 0xF7 0x71 


0x25! 0x66! 0x29! 0x2C 0x43 0x29 0x8C! 0x25! 0xB3 0x9D! 0x4F! 0xC5 0x29! 0xC1! 0x9B! 0x2B! 0xB7 0xF3 
COMMAND: READT
EXTRA: 0x00 0x00 0x00 0x00 0x00 0x00 0xFF 0x07 0x80 0x69 0xFF 0xFF 0xFF 0xFF 0xFF 0xFF 
CRC: 0xD4 0x55 


0xF0 0xD4! 0x6B! 0x66 
COMMAND: READR
HEADER: 0x30 
EXTRA: 0x2E 
CRC: 0x7E 0x60 


0xE2 0x38 0xE7 0xC0 0x70! 0x0C! 0x67! 0x22 0xDC 0x77! 0x9B! 0x1C 0xD5! 0x08 0xC9 0xAC 0x93! 0x85! 
COMMAND: READT
EXTRA: 0x00 0x00 0x00 0x00 0x00 0x00 0x00 0x00 0x00 0x00 0x00 0x00 0x00 0x00 0x00 0x00 
CRC: 0x37 0x49 


0x45 0xB2! 0xF8 0x64 
COMMAND: READR
HEADER: 0x30 
EXTRA: 0x2D 
CRC: 0xE5 0x52 


0x96! 0xC5 0xB2! 0x17! 0xA3! 0xA7! 0x9A 0x64 0x0F 0x94 0xAB! 0x06 0x62! 0xC2! 0x76 0x25! 0x8D 0xA8! 
COMMAND: READT
EXTRA: 0x00 0x00 0x00 0x00 0x00 0x00 0x00 0x00 0x00 0x00 0x00 0x00 0x00 0x00 0x00 0x00 
CRC: 0x37 0x49 


0x79! 0x70! 0x89! 0x31! 
COMMAND: READR
HEADER: 0x30 
EXTRA: 0x2C 
CRC: 0x6C 0x43 


0xB1! 0x43 0x7F! 0x96 0x08 0xB3 0xDD! 0x1B! 0x3B! 0x4A! 0xCC! 0x5D 0x61 0x39 0x0C 0xF0! 0x22! 0xCF 
COMMAND: READT
EXTRA: 0x00 0x00 0x00 0x00 0x00 0x00 0x00 0x00 0x00 0x00 0x00 0x00 0x00 0x00 0x00 0x00 
CRC: 0x37 0x49 


0x7D! 0x8D 0xE1 0x53! 
COMMAND: AUTHA
HEADER: 0x60 
EXTRA: 0x28 
CRC: 0xBF 0xD6 


0xE5! 0x8C 0xE1! 0xED! 
COMMAND: RANDTA
EXTRA: 0x1A 0x73 0x27 0x7A 


0x50 0x4B 0x72 0x5C 0x7B 0xDC! 0xD5 0x21! 
AR OK
COMMAND: RANDRB
EXTRA: 0xCE 0x0C 0xD2 0x7C 0xBC 0x41 0xE9 0x73 


0x25! 0xB3 0x30 0xE3 
AT OK
COMMAND: RANDTB
EXTRA: 0xF1 0x8A 0x44 0x1D 


0xA1! 0x55 0xA7 0xE1 
COMMAND: READR
HEADER: 0x30 
EXTRA: 0x2B 
CRC: 0xD3 0x37 


0x17 0xF4 0x57! 0xBC! 0xF2 0x25 0x44 0xFF! 0x36! 0x73 0x24! 0xDA! 0x23 0xC4 0x7E! 0x60! 0xF7! 0x1F 
COMMAND: READT
EXTRA: 0x00 0x00 0x00 0x00 0x00 0x00 0xFF 0x07 0x80 0x69 0xFF 0xFF 0xFF 0xFF 0xFF 0xFF 
CRC: 0xD4 0x55 


0xFB! 0x60 0x03 0xA6! 
COMMAND: READR
HEADER: 0x30 
EXTRA: 0x2A 
CRC: 0x5A 0x26 


0x04 0x61 0x63! 0xCB! 0xEC! 0x84! 0x6F 0xEC 0x85! 0x6A 0xA8! 0x16! 0x46 0xC7! 0x92 0x87! 0x92! 0xA8 
COMMAND: READT
EXTRA: 0x00 0x00 0x00 0x00 0x00 0x00 0x00 0x00 0x00 0x00 0x00 0x00 0x00 0x00 0x00 0x00 
CRC: 0x37 0x49 


0x94 0x86 0x35 0x93 
COMMAND: READR
HEADER: 0x30 
EXTRA: 0x29 
CRC: 0xC1 0x14 


0xA6! 0x2B! 0xF5 0xFE 0xC5! 0x11 0x86 0xE5! 0x3A! 0x41! 0xC7 0x9B! 0xFA! 0xAF! 0x43! 0xC2 0x04! 0x06 
COMMAND: READT
EXTRA: 0x00 0x00 0x00 0x00 0x00 0x00 0x00 0x00 0x00 0x00 0x00 0x00 0x00 0x00 0x00 0x00 
CRC: 0x37 0x49 


0xF9 0xC2! 0x52! 0x81! 
COMMAND: READR
HEADER: 0x30 
EXTRA: 0x28 
CRC: 0x48 0x05 


0xD3 0x0F! 0x29! 0x06! 0xF3 0x48 0x12 0xCA 0x24! 0x3D! 0xEA 0x2D! 0x89! 0x36 0xA2! 0xD2! 0x66! 0xD3 
COMMAND: READT
EXTRA: 0x00 0x00 0x00 0x00 0x00 0x00 0x00 0x00 0x00 0x00 0x00 0x00 0x00 0x00 0x00 0x00 
CRC: 0x37 0x49 


0x5C 0xD8! 0x7E 0x81 
COMMAND: AUTHA
HEADER: 0x60 
EXTRA: 0x24 
CRC: 0xD3 0x1C 


0x3C! 0xFE! 0x12 0x17! 
COMMAND: RANDTA
EXTRA: 0xC3 0x29 0xC5 0xEF 


0x6F! 0x0E! 0x6C! 0x96 0x3A! 0x5B 0x0F 0x0C 
AR OK
COMMAND: RANDRB
EXTRA: 0x9B 0xF6 0xC8 0x66 0x44 0x3E 0xEF 0x6F 


0x7A! 0xCE! 0x76! 0x19! 
AT OK
COMMAND: RANDTB
EXTRA: 0x96 0x8A 0x35 0xF5 


0xEC 0x6A! 0xAC! 0x13! 
COMMAND: READR
HEADER: 0x30 
EXTRA: 0x27 
CRC: 0xBF 0xFD 


0xCB 0xC7! 0xF2 0x4B! 0xE9! 0xBC! 0xAF! 0xEE! 0x02 0x6B! 0x1B! 0x18! 0x7C 0xF8 0xCA! 0xEA 0xDD 0x1F! 
COMMAND: READT
EXTRA: 0x00 0x00 0x00 0x00 0x00 0x00 0xFF 0x07 0x80 0x69 0xFF 0xFF 0xFF 0xFF 0xFF 0xFF 
CRC: 0xD4 0x55 


0x6E 0xE7! 0xCA! 0x75! 
COMMAND: READR
HEADER: 0x30 
EXTRA: 0x26 
CRC: 0x36 0xEC 


0x67! 0x9E 0x0B! 0xB6 0x69! 0xBF! 0xFC! 0x7D! 0x9F! 0xFB 0x3D 0xD3 0x0F 0xA2 0x67 0xC3 0x2D! 0x5F 
COMMAND: READT
EXTRA: 0x00 0x00 0x00 0x00 0x00 0x00 0x00 0x00 0x00 0x00 0x00 0x00 0x00 0x00 0x00 0x00 
CRC: 0x37 0x49 


0x8B! 0x70 0x0B 0x4C 
COMMAND: READR
HEADER: 0x30 
EXTRA: 0x25 
CRC: 0xAD 0xDE 


0xB5! 0xF8! 0x8E 0xA6! 0x47! 0xFB! 0xC0 0xD4 0xE6 0x47 0xC6! 0x83! 0x14 0xE4! 0xBB! 0x61 0xCA! 0xE3! 
COMMAND: READT
EXTRA: 0x00 0x00 0x00 0x00 0x00 0x00 0x00 0x00 0x00 0x00 0x00 0x00 0x00 0x00 0x00 0x00 
CRC: 0x37 0x49 


0xE3 0xC9! 0xB9! 0x07 
COMMAND: READR
HEADER: 0x30 
EXTRA: 0x24 
CRC: 0x24 0xCF 


0x8F 0xD5 0x15 0x97 0x89 0x87! 0x9B 0x6B! 0x76 0x9B! 0x46 0x95 0x72 0x86! 0x1A! 0x0C 0xBB! 0xF5! 
COMMAND: READT
EXTRA: 0x00 0x00 0x00 0x00 0x00 0x00 0x00 0x00 0x00 0x00 0x00 0x00 0x00 0x00 0x00 0x00 
CRC: 0x37 0x49 


0xAE! 0xA8! 0x68 0x80! 
COMMAND: AUTHA
HEADER: 0x60 
EXTRA: 0x20 
CRC: 0xF7 0x5A 


0x29! 0x3A 0x85! 0x00! 
COMMAND: RANDTA
EXTRA: 0xD6 0x65 0x37 0xEB 


0x36 0x8E! 0x51 0x5A 0xED! 0x63! 0x16 0xEB! 
AR OK
COMMAND: RANDRB
EXTRA: 0x73 0xB3 0xBB 0x75 0x76 0xBF 0xBE 0x32 


0x47! 0x0D! 0x0C 0x6B! 
AT OK
COMMAND: RANDTB
EXTRA: 0xD3 0x01 0x93 0x39 


0xAA 0x85 0xE1! 0x0D! 
COMMAND: READR
HEADER: 0x30 
EXTRA: 0x23 
CRC: 0x9B 0xBB 


0x26 0x8F 0xA9! 0x55 0x40 0x89! 0x7D! 0x26 0xA0 0xF0! 0x74 0xBB! 0xEE! 0xE2 0xC9! 0x38 0x33 0xAB 
COMMAND: READT
EXTRA: 0x00 0x00 0x00 0x00 0x00 0x00 0xFF 0x07 0x80 0x69 0xFF 0xFF 0xFF 0xFF 0xFF 0xFF 
CRC: 0xD4 0x55 


0x97! 0xC6 0xC6 0x72! 
COMMAND: READR
HEADER: 0x30 
EXTRA: 0x22 
CRC: 0x12 0xAA 


0x71 0xE6! 0xD4! 0xDF! 0x02 0x15! 0xB8 0x58 0xCF 0xC6! 0xE9! 0xCE! 0xAE! 0xCE! 0xA8 0xB1 0xA3 0x98 
COMMAND: READT
EXTRA: 0x00 0x00 0x00 0x00 0x00 0x00 0x00 0x00 0x00 0x00 0x00 0x00 0x00 0x00 0x00 0x00 
CRC: 0x37 0x49 


0x4C 0x8E 0x0F! 0x20! 
COMMAND: READR
HEADER: 0x30 
EXTRA: 0x21 
CRC: 0x89 0x98 


0x39! 0x61! 0x2A! 0x5C! 0x81 0xF2 0x65! 0xBB! 0xF1! 0x2C 0x7F! 0xE2 0x00 0x2A! 0x60 0x54! 0x31! 0x8C 
COMMAND: READT
EXTRA: 0x00 0x00 0x00 0x00 0x00 0x00 0x00 0x00 0x00 0x00 0x00 0x00 0x00 0x00 0x00 0x00 
CRC: 0x37 0x49 


0xBE 0x2C 0x22! 0x4E 
COMMAND: READR
HEADER: 0x30 
EXTRA: 0x20 
CRC: 0x00 0x89 


0x2D 0x78! 0xCD 0x8B 0xEC 0xB7 0x94! 0x3C! 0x37 0x95! 0x17 0x10 0x53 0x06 0x30! 0x4D 0xA5 0xD0 
COMMAND: READT
EXTRA: 0x00 0x00 0x00 0x00 0x00 0x00 0x00 0x00 0x00 0x00 0x00 0x00 0x00 0x00 0x00 0x00 
CRC: 0x37 0x49 


0xF8! 0x8A 0x2A 0x7A! 
COMMAND: AUTHA
HEADER: 0x60 
EXTRA: 0x1C 
CRC: 0x18 0xA1 


0xB6! 0x0C 0xD9! 0x1A 
COMMAND: RANDTA
EXTRA: 0x49 0x9B 0x28 0xEA 


0x9C! 0xF3 0xEA! 0xAA! 0x05! 0x06! 0x85 0x38! 
AR OK
COMMAND: RANDRB
EXTRA: 0x96 0x66 0x8E 0x10 0xF9 0x7F 0x07 0x74 


0x9E! 0x67 0x87! 0xAC! 
AT OK
COMMAND: RANDTB
EXTRA: 0x26 0x14 0x0A 0x83 


0xF2 0xDA! 0x55! 0xEB 
COMMAND: READR
HEADER: 0x30 
EXTRA: 0x1F 
CRC: 0x74 0x40 


0x53! 0x3B! 0xA6 0x18! 0x0F 0x04! 0xE7! 0x1A! 0xA3 0x5A 0x6D 0x68 0xD6 0x60 0xF5! 0x88 0x0A 0xA9! 
COMMAND: READT
EXTRA: 0x00 0x00 0x00 0x00 0x00 0x00 0xFF 0x07 0x80 0x69 0xFF 0xFF 0xFF 0xFF 0xFF 0xFF 
CRC: 0xD4 0x55 


0x7D 0xE4 0xE7 0xDC! 
COMMAND: READR
HEADER: 0x30 
EXTRA: 0x1E 
CRC: 0xFD 0x51 


0x55! 0xFB! 0xB0 0xB7! 0xB5! 0xD6 0xF5 0x84 0xE4! 0x1F 0x65 0xFC 0x16! 0x86 0x33! 0x73 0xA6 0x72 
COMMAND: READT
EXTRA: 0x00 0x00 0x00 0x00 0x00 0x00 0x00 0x00 0x00 0x00 0x00 0x00 0x00 0x00 0x00 0x00 
CRC: 0x37 0x49 


0xEF! 0x2F 0x21 0xF5 
COMMAND: READR
HEADER: 0x30 
EXTRA: 0x1D 
CRC: 0x66 0x63 


0x42! 0x5D! 0x44 0x4E 0xDC 0x4D 0xFA 0x9C 0xC2 0x97 0xDF! 0xAC 0xD0! 0xD0 0xED! 0xA5 0x67! 0xAC 
COMMAND: READT
EXTRA: 0x00 0x00 0x00 0x00 0x00 0x00 0x00 0x00 0x00 0x00 0x00 0x00 0x00 0x00 0x00 0x00 
CRC: 0x37 0x49 


0xC9 0xC6 0xC4! 0x59! 
COMMAND: READR
HEADER: 0x30 
EXTRA: 0x1C 
CRC: 0xEF 0x72 


0x4D! 0x73 0x89 0x61 0xDB! 0xDD! 0x13 0x57! 0x70 0x59! 0xC7 0xF1 0x59 0xBC 0xE1 0x72 0xBF! 0x8E 
COMMAND: READT
EXTRA: 0x00 0x00 0x00 0x00 0x00 0x00 0x00 0x00 0x00 0x00 0x00 0x00 0x00 0x00 0x00 0x00 
CRC: 0x37 0x49 


0xF7! 0x92 0x5D 0xDC! 
COMMAND: AUTHA
HEADER: 0x60 
EXTRA: 0x18 
CRC: 0x3C 0xE7 


0xDB! 0xAA! 0x94! 0x39! 
COMMAND: RANDTA
EXTRA: 0x24 0x45 0xE0 0x5E 


0xAA! 0xEB! 0x6F 0xBB 0x04! 0xA0! 0xDB! 0x5E! 
AR OK
COMMAND: RANDRB
EXTRA: 0x72 0x10 0xA5 0xFB 0x8B 0x7E 0x0C 0x8D 


0xD4! 0x9B! 0x14! 0x9F! 
AT OK
COMMAND: RANDTB
EXTRA: 0x86 0xCB 0x4B 0x1E 


0xC1! 0xAF! 0x81! 0x77 
COMMAND: READR
HEADER: 0x30 
EXTRA: 0x1B 
CRC: 0x50 0x06 


0x4A! 0x82! 0x7B 0xA2 0x07 0xD7 0x2F! 0xA3! 0xD4 0x7C! 0xE7! 0x24 0x15! 0x77! 0x54 0xBC! 0xDC 0xCA! 
COMMAND: READT
EXTRA: 0x00 0x00 0x00 0x00 0x00 0x00 0xFF 0x07 0x80 0x69 0xFF 0xFF 0xFF 0xFF 0xFF 0xFF 
CRC: 0xD4 0x55 


0xB7! 0xD7! 0x77 0x28 
COMMAND: READR
HEADER: 0x30 
EXTRA: 0x1A 
CRC: 0xD9 0x17 


0x10 0x51! 0x46! 0x78 0x46! 0xEC! 0xCE 0xDB! 0x1F! 0xCE 0xF3 0x9C 0x2E! 0x6D! 0x28! 0xEF! 0xEB 0x64! 
COMMAND: READT
EXTRA: 0x00 0x00 0x00 0x00 0x00 0x00 0x00 0x00 0x00 0x00 0x00 0x00 0x00 0x00 0x00 0x00 
CRC: 0x37 0x49 


0xFF! 0x7C! 0x5F! 0xA8! 
COMMAND: READR
HEADER: 0x30 
EXTRA: 0x19 
CRC: 0x42 0x25 


0x23! 0xAE 0x01 0x3F 0x64 0x85 0x57 0x29! 0x58! 0xC6! 0x3B! 0xEC 0x09! 0x41! 0x8F 0x8B! 0x1C! 0xD4 
COMMAND: READT
EXTRA: 0x00 0x00 0x00 0x00 0x00 0x00 0x00 0x00 0x00 0x00 0x00 0x00 0x00 0x00 0x00 0x00 
CRC: 0x37 0x49 


0xB7! 0x39 0x4B 0x0B! 
COMMAND: READR
HEADER: 0x30 
EXTRA: 0x18 
CRC: 0xCB 0x34 


0x49 0x71! 0x51! 0x42! 0xEB 0x3C 0x16 0xB1! 0x1F! 0x2C 0x1B 0xA4! 0xE4! 0x57! 0x24 0xAC! 0x48! 0xC1 
COMMAND: READT
EXTRA: 0x00 0x00 0x00 0x00 0x00 0x00 0x00 0x00 0x00 0x00 0x00 0x00 0x00 0x00 0x00 0x00 
CRC: 0x37 0x49 


0x54 0x7B! 0xE3! 0x49! 
COMMAND: AUTHA
HEADER: 0x60 
EXTRA: 0x14 
CRC: 0x50 0x2D 


0x62! 0x1B! 0x24 0x02 
COMMAND: RANDTA
EXTRA: 0x9D 0x84 0x0D 0x39 


0xDF 0x22! 0x57 0x1F 0xF1 0x0E! 0xEF 0x09 
AR OK
COMMAND: RANDRB
EXTRA: 0x52 0x3A 0xA8 0x5B 0x51 0x6A 0xDD 0x76 


0x6A 0x47! 0xE7 0x10! 
AT OK
COMMAND: RANDTB
EXTRA: 0x07 0x7E 0xB6 0x9D 


0x15 0xE6 0x39 0x64! 
COMMAND: READR
HEADER: 0x30 
EXTRA: 0x17 
CRC: 0x3C 0xCC 


0x78! 0x49! 0x68 0xFD 0x39 0x36! 0xCA! 0x3C 0x35 0xC2 0xE6 0xCC! 0xDE! 0xD0 0xD2! 0xD6 0xB5 0x12! 
COMMAND: READT
EXTRA: 0x00 0x00 0x00 0x00 0x00 0x00 0xFF 0x07 0x80 0x69 0xFF 0xFF 0xFF 0xFF 0xFF 0xFF 
CRC: 0xD4 0x55 


0x81! 0xA7! 0x7C 0xD5 
COMMAND: READR
HEADER: 0x30 
EXTRA: 0x16 
CRC: 0xB5 0xDD 


0xD5! 0x4C! 0x40 0xBB 0x76! 0x04! 0x98 0x11 0x10! 0x8E! 0x6B 0x51 0xBF 0xA7 0x4D 0x6E 0x98! 0x10! 
COMMAND: READT
EXTRA: 0x00 0x00 0x00 0x00 0x00 0x00 0x00 0x00 0x00 0x00 0x00 0x00 0x00 0x00 0x00 0x00 
CRC: 0x37 0x49 


0x51 0xA6 0x65 0xFD 
COMMAND: READR
HEADER: 0x30 
EXTRA: 0x15 
CRC: 0x2E 0xEF 


0xF6! 0x5B 0xC1! 0xA4! 0x94 0x29 0x27! 0x71! 0x25! 0x2A 0xFD! 0x62! 0xBA 0xFD 0x03 0x9A! 0x4A 0x61 
COMMAND: READT
EXTRA: 0x00 0x00 0x00 0x00 0x00 0x00 0x00 0x00 0x00 0x00 0x00 0x00 0x00 0x00 0x00 0x00 
CRC: 0x37 0x49 


0x8C 0x79! 0x1D! 0x78! 
COMMAND: READR
HEADER: 0x30 
EXTRA: 0x14 
CRC: 0xA7 0xFE 


0x6E 0xC1! 0x80! 0x88 0x90 0x32 0x29 0x11 0xF8! 0xA4! 0x04! 0x40! 0x16! 0x32! 0xC2! 0x26 0x3E 0xAB 
COMMAND: READT
EXTRA: 0x00 0x00 0x00 0x00 0x00 0x00 0x00 0x00 0x00 0x00 0x00 0x00 0x00 0x00 0x00 0x00 
CRC: 0x37 0x49 


0x98 0x79! 0x57! 0xBF! 
COMMAND: AUTHA
HEADER: 0x60 
EXTRA: 0x10 
CRC: 0x74 0x6B 


0x08! 0x78 0xEE! 0xB1! 
COMMAND: RANDTA
EXTRA: 0xF7 0xA7 0xCB 0x67 


0x52 0x06 0x81! 0x27 0xBB 0xE0 0x9C! 0x3D! 
AR OK
COMMAND: RANDRB
EXTRA: 0xE0 0x8E 0x57 0xCB 0x96 0xF6 0x55 0x9A 


0x4E! 0x7D 0xCA 0x54 
AT OK
COMMAND: RANDTB
EXTRA: 0x58 0x6B 0xBF 0xA7 


0xAA 0x05! 0x0E! 0x10 
COMMAND: READR
HEADER: 0x30 
EXTRA: 0x13 
CRC: 0x18 0x8A 


0xF2 0x43! 0xD0 0xA3! 0x0D 0xEF 0xB6! 0xE1! 0xB2! 0x75! 0x4B! 0x2E 0x3B! 0x29! 0x8B 0x1F 0x45 0x12 
COMMAND: READT
EXTRA: 0x00 0x00 0x00 0x00 0x00 0x00 0xFF 0x07 0x80 0x69 0xFF 0xFF 0xFF 0xFF 0xFF 0xFF 
CRC: 0xD4 0x55 


0xCC! 0xB1 0xA9! 0x35 
COMMAND: READR
HEADER: 0x30 
EXTRA: 0x12 
CRC: 0x91 0x9B 


0x9B 0x71! 0xF3! 0xF3! 0xA5 0x68! 0x62! 0xC2! 0x0C! 0x45 0xFB 0x8D 0xBA 0xDB! 0xC5 0xCC! 0xEC! 0x6C! 
COMMAND: READT
EXTRA: 0x00 0x00 0x00 0x00 0x00 0x00 0x00 0x00 0x00 0x00 0x00 0x00 0x00 0x00 0x00 0x00 
CRC: 0x37 0x49 


0x22! 0xC2! 0x0E! 0x4B 
COMMAND: READR
HEADER: 0x30 
EXTRA: 0x11 
CRC: 0x0A 0xA9 


0xEE! 0x5D 0xD3! 0x66 0x74! 0xD9 0x6D 0x37 0x07 0x6D! 0xBE! 0x31 0x49! 0xB2 0x6A! 0xD1 0x9D 0xE3 
COMMAND: READT
EXTRA: 0x00 0x00 0x00 0x00 0x00 0x00 0x00 0x00 0x00 0x00 0x00 0x00 0x00 0x00 0x00 0x00 
CRC: 0x37 0x49 


0xBC 0x4B! 0x1F 0xE4 
COMMAND: READR
HEADER: 0x30 
EXTRA: 0x10 
CRC: 0x83 0xB8 


0x38 0xA1 0x8B! 0x59! 0x71 0x5C! 0x91! 0xFC 0x1A 0x9F 0x20! 0x78! 0xC5! 0x85 0xFB 0xFF 0x73! 0x9A 
COMMAND: READT
EXTRA: 0x00 0x00 0x00 0x00 0x00 0x00 0x00 0x00 0x00 0x00 0x00 0x00 0x00 0x00 0x00 0x00 
CRC: 0x37 0x49 


0xA1! 0x10 0x6C 0x8B! 
COMMAND: AUTHA
HEADER: 0x60 
EXTRA: 0x0C 
CRC: 0x99 0xB1 


0xB9! 0x42! 0x44 0x52 
COMMAND: RANDTA
EXTRA: 0x46 0xBD 0x55 0xC8 


0x7E! 0x3A 0x31 0x2A 0x98! 0xD0! 0xDF 0x43 
AR OK
COMMAND: RANDRB
EXTRA: 0x78 0x81 0xCB 0x50 0x25 0xE1 0x41 0xAA 


0x8C! 0xC3 0xB5 0x2B! 
AT OK
COMMAND: RANDTB
EXTRA: 0xCB 0x68 0xA6 0x0C 


0x2D! 0xAA! 0xD6! 0x16 
COMMAND: READR
HEADER: 0x30 
EXTRA: 0x0F 
CRC: 0xF5 0x50 


0xFD! 0x02! 0xE6! 0x94 0x8D! 0x63! 0x6C 0x15! 0x9B! 0xE8! 0x82! 0x8E 0x17! 0x42! 0x26! 0x33! 0x21! 0x0E 
COMMAND: READT
EXTRA: 0x00 0x00 0x00 0x00 0x00 0x00 0xFF 0x07 0x80 0x69 0xFF 0xFF 0xFF 0xFF 0xFF 0xFF 
CRC: 0xD4 0x55 


0x13! 0x6C! 0xFE! 0x36 
COMMAND: READR
HEADER: 0x30 
EXTRA: 0x0E 
CRC: 0x7C 0x41 


0xF2! 0xA0 0xA6! 0x99 0x2C! 0xEE 0xD2! 0x2D! 0x81! 0x8D 0x42 0x36! 0x9F! 0xB3! 0x46! 0xF4 0x94 0xC7! 
COMMAND: READT
EXTRA: 0x00 0x00 0x00 0x00 0x00 0x00 0x00 0x00 0x00 0x00 0x00 0x00 0x00 0x00 0x00 0x00 
CRC: 0x37 0x49 


0x29 0xD4! 0x57! 0x27! 
COMMAND: READR
HEADER: 0x30 
EXTRA: 0x0D 
CRC: 0xE7 0x73 


0xB8! 0x7B! 0x0F! 0x7D! 0xD7 0x4C! 0x0C 0x1C 0x8F 0x57! 0x5C 0xC6 0xAC! 0x63 0xD8! 0x3D 0x9E 0x71! 
COMMAND: READT
EXTRA: 0x00 0x00 0x00 0x00 0x00 0x00 0x00 0x00 0x00 0x00 0x00 0x00 0x00 0x00 0x00 0x00 
CRC: 0x37 0x49 


0x46 0x85! 0xCC! 0x60 
COMMAND: READR
HEADER: 0x30 
EXTRA: 0x0C 
CRC: 0x6E 0x62 


0xDD! 0x73! 0x02! 0x5A! 0xF5! 0x37 0x5F 0x72! 0xAD 0x17 0x3C! 0xA3 0x9C 0xBC 0xC3 0x6A 0x83! 0x0C! 
COMMAND: READT
EXTRA: 0x00 0x00 0x00 0x00 0x00 0x00 0x00 0x00 0x00 0x00 0x00 0x00 0x00 0x00 0x00 0x00 
CRC: 0x37 0x49 


0x68 0xEB! 0x7B 0xE7! 
COMMAND: AUTHA
HEADER: 0x60 
EXTRA: 0x08 
CRC: 0xBD 0xF7 


0xF7! 0xA6 0xEB 0xD2 
COMMAND: RANDTA
EXTRA: 0x08 0x59 0xA3 0xFE 


0xBA 0x56 0x14! 0x6D! 0x84 0x35 0x6D! 0x32 
AR OK
COMMAND: RANDRB
EXTRA: 0x4D 0x95 0xCA 0x3A 0x8E 0xBF 0x60 0x82 


0x44! 0x8A 0xB5 0x54 
AT OK
COMMAND: RANDTB
EXTRA: 0xA7 0xAE 0xAF 0xCD 


0x72! 0xE0 0x6F! 0x9D 
COMMAND: READR
HEADER: 0x30 
EXTRA: 0x0B 
CRC: 0xD1 0x16 


0x3A! 0x17! 0x57! 0xA4! 0xF2 0xD9! 0x83! 0x71 0x7B 0x02! 0xD1 0x77 0x77 0x71! 0x14 0x75! 0x9A 0xFB 
COMMAND: READT
EXTRA: 0x00 0x00 0x00 0x00 0x00 0x00 0xFF 0x07 0x80 0x69 0xFF 0xFF 0xFF 0xFF 0xFF 0xFF 
CRC: 0xD4 0x55 


0xB7! 0x8F! 0x12 0xB6! 
COMMAND: READR
HEADER: 0x30 
EXTRA: 0x0A 
CRC: 0x58 0x07 


0x83 0x83! 0x30 0xDE 0x2E 0x6E 0x6B! 0x60 0xF8! 0xDE 0x7E 0xB8! 0x79! 0x7C! 0x9C 0xDC 0x18! 0x17! 
COMMAND: READT
EXTRA: 0x00 0x00 0x00 0x00 0x00 0x00 0x00 0x00 0x00 0x00 0x00 0x00 0x00 0x00 0x00 0x00 
CRC: 0x37 0x49 


0xEE 0xC5! 0x6E 0xDA 
COMMAND: READR
HEADER: 0x30 
EXTRA: 0x09 
CRC: 0xC3 0x35 


0x75! 0xE6 0xC3 0x50 0xC8 0xE7! 0x01! 0x0A! 0x69 0xD8 0x72! 0x7B 0x18 0xE0 0x9D! 0xA8! 0x47 0x90! 
COMMAND: READT
EXTRA: 0x00 0x00 0x00 0x00 0x00 0x00 0x00 0x00 0x00 0x00 0x00 0x00 0x00 0x00 0x00 0x00 
CRC: 0x37 0x49 


0xFE! 0xA2 0xA0 0x0F! 
COMMAND: READR
HEADER: 0x30 
EXTRA: 0x08 
CRC: 0x4A 0x24 


0xB3 0xE5 0xC1! 0xB0 0xDD 0x98! 0xE0 0x79 0x95 0x30! 0xF7! 0x98! 0x02 0xFF! 0xF1! 0x54 0x20 0x91 
COMMAND: READT
EXTRA: 0x00 0x00 0x00 0x00 0x00 0x00 0x00 0x00 0x00 0x00 0x00 0x00 0x00 0x00 0x00 0x00 
CRC: 0x37 0x49 


0x7C 0x9B! 0xF6 0x21 
COMMAND: AUTHA
HEADER: 0x60 
EXTRA: 0x04 
CRC: 0xD1 0x3D 


0xBF! 0xC7 0x1D 0x47! 
COMMAND: RANDTA
EXTRA: 0x40 0xE8 0x1A 0xD8 


0xA1! 0x86! 0x44 0x96! 0xA4! 0xAE 0x9B! 0x4C! 
AR OK
COMMAND: RANDRB
EXTRA: 0xAE 0x8D 0x9C 0x9C 0x87 0x8E 0x82 0x68 


0x89 0x0D! 0xD9! 0xCB! 
AT OK
COMMAND: RANDTB
EXTRA: 0xF6 0x8C 0x32 0xEA 


0x91 0xA8! 0xC0 0x14! 
COMMAND: READR
HEADER: 0x30 
EXTRA: 0x07 
CRC: 0xBD 0xDC 


0xBC 0x31 0x61 0xB7! 0x95 0xF6! 0xCC 0x79 0xBE 0xC6! 0xDA! 0x5D 0x02 0x84! 0x78! 0x64 0xA5! 0x7A 
COMMAND: READT
EXTRA: 0x00 0x00 0x00 0x00 0x00 0x00 0xFF 0x07 0x80 0x69 0xFF 0xFF 0xFF 0xFF 0xFF 0xFF 
CRC: 0xD4 0x55 


0xAB! 0xCA 0x8A! 0xA0 
COMMAND: READR
HEADER: 0x30 
EXTRA: 0x06 
CRC: 0x34 0xCD 


0xE1 0xA2 0xF5! 0x67! 0x06 0x2C! 0x88 0x90 0xD6 0x0B 0xFB 0x5B! 0x30 0xF4 0x27 0x44 0x6D! 0x60 
COMMAND: READT
EXTRA: 0x00 0x00 0x00 0x00 0x00 0x00 0x00 0x00 0x00 0x00 0x00 0x00 0x00 0x00 0x00 0x00 
CRC: 0x37 0x49 


0x55 0x8F 0x8E 0x21 
COMMAND: READR
HEADER: 0x30 
EXTRA: 0x05 
CRC: 0xAF 0xFF 


0x98 0x2F! 0x50! 0x85! 0x7A! 0x1C! 0x4E 0x58 0xBF 0x09! 0xA3! 0xAB! 0x62! 0xF8 0xDF 0x33! 0x22! 0xDF! 
COMMAND: READT
EXTRA: 0x00 0x00 0x00 0x00 0x00 0x00 0x00 0x00 0x00 0x00 0x00 0x00 0x00 0x00 0x00 0x00 
CRC: 0x37 0x49 


0xD7 0x12! 0x4C 0x60! 
COMMAND: READR
HEADER: 0x30 
EXTRA: 0x04 
CRC: 0x26 0xEE 


0x87! 0x61 0xAD 0x19! 0x82! 0xC9 0xEE 0x3A 0x98 0x4F 0xA1 0x31 0x73 0x9D 0x09! 0xD5 0x3A! 0x13! 
COMMAND: READT
EXTRA: 0x00 0x00 0x00 0x00 0x00 0x00 0x00 0x00 0x00 0x00 0x00 0x00 0x00 0x00 0x00 0x00 
CRC: 0x37 0x49 


0x97 0x79 0xAE! 0x97! 
COMMAND: AUTHA
HEADER: 0x60 
EXTRA: 0x00 
CRC: 0xF5 0x7B 


0x97! 0xAC 0xA2! 0xCF! 
COMMAND: RANDTA
EXTRA: 0x68 0x93 0x44 0x01 


0x8E! 0x0B 0x8D 0x5F 0x7A! 0x39 0x5B! 0x0C 
AR OK
COMMAND: RANDRB
EXTRA: 0xD6 0x8D 0x04 0x06 0xA6 0xB3 0xA6 0xFC 


0x00 0x32 0xEF 0x98! 
AT OK
COMMAND: RANDTB
EXTRA: 0xFE 0x6B 0x21 0x17 


0xD0! 0x81! 0x9A! 0x03 
COMMAND: READR
HEADER: 0x30 
EXTRA: 0x03 
CRC: 0x99 0x9A 


0x34! 0x56! 0xB7! 0x19! 0x18 0x02 0x94 0x82! 0x3C 0x3E 0xD2 0x5F! 0x0C 0x13! 0x77 0x2D! 0xA7! 0x3D 
COMMAND: READT
EXTRA: 0x00 0x00 0x00 0x00 0x00 0x00 0xFF 0x07 0x80 0x69 0xFF 0xFF 0xFF 0xFF 0xFF 0xFF 
CRC: 0xD4 0x55 


0xA9 0x10 0x44! 0x7F! 
COMMAND: READR
HEADER: 0x30 
EXTRA: 0x02 
CRC: 0x10 0x8B 


0x50 0xFC 0x3C! 0x71! 0x21! 0xF1! 0x40 0xE1! 0x7B! 0x2D! 0xED 0x1E! 0x33 0x72 0x98 0x2B 0x17 0x44! 
COMMAND: READT
EXTRA: 0x00 0x00 0x00 0x00 0x00 0x00 0x00 0x00 0x00 0x00 0x00 0x00 0x00 0x00 0x00 0x00 
CRC: 0x37 0x49 


0x32! 0xC9! 0x3D 0xD6 
COMMAND: READR
HEADER: 0x30 
EXTRA: 0x01 
CRC: 0x8B 0xB9 


0xD4 0x7A! 0x52 0x2B! 0x5B! 0xC4 0x7F 0xEF! 0x92 0x2F! 0xF2! 0x22! 0x1F! 0xE2! 0xA5 0x34 0xFA 0x32 
COMMAND: READT
EXTRA: 0x00 0x00 0x00 0x00 0x00 0x00 0x00 0x00 0x00 0x00 0x00 0x00 0x00 0x00 0x00 0x00 
CRC: 0x37 0x49 


0x28 0xCC 0xF0! PROCESSING FINISHED
0xB0! 
COMMAND: READR
HEADER: 0x30 
EXTRA: 0x00 
CRC: 0x02 0xA8 


0xE0 0x00 0x53 0xED 0x03! 0x16 0xB5! 0x95 0x79 0x22! 0x35 0xBE 0x12 0x90 0x86 0xFF 0x4A! 0xAE 
COMMAND: READT
EXTRA: 0xCD 0x76 0x92 0x74 0x5D 0x88 0x04 0x00 0x85 0x00 0x00 0x00 0x04 0x13 0x45 0x01 
CRC: 0x2F 0xCD 


0x1A 0x29 0x54 0x53 
COMMAND: HALT
HEADER: 0x50 0x00 
CRC: 0x57 0xCD 


COMMAND: HALT
HEADER: 0x50 0x00 
CRC: 0x57 0xCD 


COMMAND: REQA
HEADER: 0x26 


COMMAND: REQA
HEADER: 0x26 


