COMMAND: REQA
HEADER: 0x26 


COMMAND: ATQAUL
HEADER: 0x44 0x00 


COMMAND: ANTI1R
HEADER: 0x93 0x20 


COMMAND: ANTI1U
HEADER: 0x88 
EXTRA: 0x04 0xBE 0x6F 0x5D 


COMMAND: SEL1R
HEADER: 0x93 0x70 
EXTRA: 0x88 0x04 0xBE 0x6F 0x5D 
CRC: 0xA1 0x8E 


COMMAND: SEL1U
HEADER: 0x04 
CRC: 0xDA 0x17 


COMMAND: ANTI2R
HEADER: 0x95 0x20 


COMMAND: ANTI2T
EXTRA: 0x22 0x09 0x29 0x80 0x82 


COMMAND: SEL2R
HEADER: 0x95 0x70 
EXTRA: 0x22 0x09 0x29 0x80 0x82 
CRC: 0xD8 0xBA 


COMMAND: SEL2T
HEADER: 0x00 
CRC: 0xFE 0x51 


COMMAND: READR
HEADER: 0x30 
EXTRA: 0x00 
CRC: 0x02 0xA8 


COMMAND: READT
EXTRA: 0x04 0xBE 0x6F 0x5D 0x22 0x09 0x29 0x80 0x82 0x48 0x00 0x00 0xE1 0x10 0x12 0x00 
CRC: 0xF8 0x99 


COMMAND: READR
HEADER: 0x30 
EXTRA: 0x04 
CRC: 0x26 0xEE 


COMMAND: READT
EXTRA: 0x01 0x03 0xA0 0x10 0x44 0x03 0x00 0xFE 0x00 0x00 0x00 0x00 0x00 0x00 0x00 0x00 
CRC: 0x81 0x3B 


COMMAND: READR
HEADER: 0x30 
EXTRA: 0x08 
CRC: 0x4A 0x24 


COMMAND: READT
EXTRA: 0x00 0x00 0x00 0x00 0x00 0x00 0x00 0x00 0x00 0x00 0x00 0x00 0x00 0x00 0x00 0x00 
CRC: 0x37 0x49 


COMMAND: READR
HEADER: 0x30 
EXTRA: 0x0C 
CRC: 0x6E 0x62 


COMMAND: READT
EXTRA: 0x00 0x00 0x00 0x00 0x00 0x00 0x00 0x00 0x00 0x00 0x00 0x00 0x00 0x00 0x00 0x00 
CRC: 0x37 0x49 


COMMAND: HALT
HEADER: 0x50 0x00 
CRC: 0x57 0xCD 

